  game.cpp
  C:\Program Files (x86)\Windows Kits\10\Include\10.0.18362.0\um\dinput.h: DIRECTINPUT_VERSION undefined. Defaulting to version 0x0800
C:\Users\Domin\OneDrive\Documents\GitHub\AGP\AE2\AE2\player.h(27,1): warning C4305: '=': truncation from 'double' to 'float'
C:\Users\Domin\OneDrive\Documents\GitHub\AGP\AE2\AE2\player.h(28,1): warning C4305: '=': truncation from 'double' to 'float'
C:\Users\Domin\OneDrive\Documents\GitHub\AGP\AE2\AE2\enemy.h(125,21): warning C4018: '<': signed/unsigned mismatch
C:\Users\Domin\OneDrive\Documents\GitHub\AGP\AE2\AE2\game.cpp(176,22): warning C4305: 'argument': truncation from 'double' to 'float'
C:\Users\Domin\OneDrive\Documents\GitHub\AGP\AE2\AE2\game.cpp(188,24): warning C4305: 'argument': truncation from 'double' to 'float'
C:\Users\Domin\OneDrive\Documents\GitHub\AGP\AE2\AE2\game.cpp(198,24): warning C4305: 'argument': truncation from 'double' to 'float'
C:\Users\Domin\OneDrive\Documents\GitHub\AGP\AE2\AE2\game.cpp(208,24): warning C4305: 'argument': truncation from 'double' to 'float'
C:\Users\Domin\OneDrive\Documents\GitHub\AGP\AE2\AE2\game.cpp(217,27): warning C4305: 'argument': truncation from 'double' to 'float'
C:\Users\Domin\OneDrive\Documents\GitHub\AGP\AE2\AE2\game.cpp(221,32): warning C4305: 'argument': truncation from 'double' to 'float'
C:\Users\Domin\OneDrive\Documents\GitHub\AGP\AE2\AE2\game.cpp(229,27): warning C4305: 'argument': truncation from 'double' to 'float'
C:\Users\Domin\OneDrive\Documents\GitHub\AGP\AE2\AE2\game.cpp(233,32): warning C4305: 'argument': truncation from 'double' to 'float'
C:\Users\Domin\OneDrive\Documents\GitHub\AGP\AE2\AE2\game.cpp(245,30): warning C4305: 'argument': truncation from 'double' to 'float'
C:\Users\Domin\OneDrive\Documents\GitHub\AGP\AE2\AE2\game.cpp(256,30): warning C4305: 'argument': truncation from 'double' to 'float'
C:\Users\Domin\OneDrive\Documents\GitHub\AGP\AE2\AE2\game.cpp(267,17): warning C4305: 'argument': truncation from 'double' to 'float'
C:\Users\Domin\OneDrive\Documents\GitHub\AGP\AE2\AE2\game.cpp(348,20): warning C4018: '<': signed/unsigned mismatch
C:\Users\Domin\OneDrive\Documents\GitHub\AGP\AE2\AE2\game.cpp(465,20): warning C4018: '<': signed/unsigned mismatch
C:\Users\Domin\OneDrive\Documents\GitHub\AGP\AE2\AE2\game.cpp(467,21): warning C4018: '<': signed/unsigned mismatch
C:\Users\Domin\OneDrive\Documents\GitHub\AGP\AE2\AE2\game.cpp(482,73): warning C4305: 'argument': truncation from 'double' to 'float'
C:\Users\Domin\OneDrive\Documents\GitHub\AGP\AE2\AE2\game.cpp(483,72): warning C4305: 'argument': truncation from 'double' to 'float'
C:\Users\Domin\OneDrive\Documents\GitHub\AGP\AE2\AE2\game.cpp(484,71): warning C4305: 'argument': truncation from 'double' to 'float'
C:\Users\Domin\OneDrive\Documents\GitHub\AGP\AE2\AE2\game.cpp(485,72): warning C4305: 'argument': truncation from 'double' to 'float'
C:\Users\Domin\OneDrive\Documents\GitHub\AGP\AE2\AE2\game.cpp(489,21): warning C4244: 'initializing': conversion from 'double' to 'float', possible loss of data
C:\Users\Domin\OneDrive\Documents\GitHub\AGP\AE2\AE2\game.cpp(496,73): warning C4305: 'argument': truncation from 'double' to 'float'
C:\Users\Domin\OneDrive\Documents\GitHub\AGP\AE2\AE2\game.cpp(497,72): warning C4305: 'argument': truncation from 'double' to 'float'
C:\Users\Domin\OneDrive\Documents\GitHub\AGP\AE2\AE2\game.cpp(498,71): warning C4305: 'argument': truncation from 'double' to 'float'
C:\Users\Domin\OneDrive\Documents\GitHub\AGP\AE2\AE2\game.cpp(499,72): warning C4305: 'argument': truncation from 'double' to 'float'
C:\Users\Domin\OneDrive\Documents\GitHub\AGP\AE2\AE2\game.cpp(505,72): warning C4305: 'argument': truncation from 'double' to 'float'
C:\Users\Domin\OneDrive\Documents\GitHub\AGP\AE2\AE2\game.cpp(506,71): warning C4305: 'argument': truncation from 'double' to 'float'
C:\Users\Domin\OneDrive\Documents\GitHub\AGP\AE2\AE2\game.cpp(507,72): warning C4305: 'argument': truncation from 'double' to 'float'
C:\Users\Domin\OneDrive\Documents\GitHub\AGP\AE2\AE2\game.cpp(570,89): warning C4305: 'argument': truncation from 'double' to 'float'
C:\Users\Domin\OneDrive\Documents\GitHub\AGP\AE2\AE2\game.cpp(629,20): warning C4018: '<': signed/unsigned mismatch
C:\Users\Domin\OneDrive\Documents\GitHub\AGP\AE2\AE2\game.cpp(661,38): warning C4305: 'argument': truncation from 'double' to 'float'
C:\Users\Domin\OneDrive\Documents\GitHub\AGP\AE2\AE2\game.cpp(663,49): warning C4305: 'argument': truncation from 'double' to 'float'
C:\Users\Domin\OneDrive\Documents\GitHub\AGP\AE2\AE2\game.cpp(667,38): warning C4305: 'argument': truncation from 'double' to 'float'
C:\Users\Domin\OneDrive\Documents\GitHub\AGP\AE2\AE2\game.cpp(669,48): warning C4305: 'argument': truncation from 'double' to 'float'
C:\Users\Domin\OneDrive\Documents\GitHub\AGP\AE2\AE2\game.cpp(675,38): warning C4305: 'argument': truncation from 'double' to 'float'
C:\Users\Domin\OneDrive\Documents\GitHub\AGP\AE2\AE2\game.cpp(677,138): warning C4305: 'argument': truncation from 'double' to 'float'
C:\Users\Domin\OneDrive\Documents\GitHub\AGP\AE2\AE2\game.cpp(683,37): warning C4305: 'argument': truncation from 'double' to 'float'
C:\Users\Domin\OneDrive\Documents\GitHub\AGP\AE2\AE2\game.cpp(685,50): warning C4305: 'argument': truncation from 'double' to 'float'
C:\Users\Domin\OneDrive\Documents\GitHub\AGP\AE2\AE2\game.cpp(691,38): warning C4305: 'argument': truncation from 'double' to 'float'
C:\Users\Domin\OneDrive\Documents\GitHub\AGP\AE2\AE2\game.cpp(693,54): warning C4305: 'argument': truncation from 'double' to 'float'
C:\Users\Domin\OneDrive\Documents\GitHub\AGP\AE2\AE2\game.cpp(747,23): warning C4244: '=': conversion from 'UINT' to 'FLOAT', possible loss of data
C:\Users\Domin\OneDrive\Documents\GitHub\AGP\AE2\AE2\game.cpp(748,24): warning C4244: '=': conversion from 'UINT' to 'FLOAT', possible loss of data
  Generating code
  0 of 926 functions ( 0.0%) were compiled, the rest were copied from previous compilation.
    0 functions were new in current compilation
    0 functions had inline decision re-evaluated but remain unchanged
  Finished generating code
  DominiqueRussellAE2.vcxproj -> C:\Users\Domin\OneDrive\Documents\GitHub\AGP\AE2\AE2\Release\DominiqueRussellAE2.exe
