D:\GitHub\AGP\Tutorial11\Tutorial11Exercise02\model_shaders.hlsl(31,25): warning X3206: 'dot': implicit truncation of vector type
D:\GitHub\AGP\Tutorial11\Tutorial11Exercise02\model_shaders.hlsl(37,23): warning X3206: 'dot': implicit truncation of vector type
  
  compilation succeeded; see D:\GitHub\AGP\Tutorial11\Tutorial11Exercise02\Debug\model_shaders.cso
D:\GitHub\AGP\Tutorial11\Tutorial11Exercise02\shaders.hlsl(34,25): warning X3206: 'dot': implicit truncation of vector type
D:\GitHub\AGP\Tutorial11\Tutorial11Exercise02\shaders.hlsl(40,23): warning X3206: 'dot': implicit truncation of vector type
  
  compilation succeeded; see D:\GitHub\AGP\Tutorial11\Tutorial11Exercise02\Debug\shaders.cso
  compilation succeeded; see D:\GitHub\AGP\Tutorial11\Tutorial11Exercise02\Debug\sprite_shaders.cso
  compilation succeeded; see D:\GitHub\AGP\Tutorial11\Tutorial11Exercise02\Debug\text2D_shaders.cso
  camera.cpp
D:\GitHub\AGP\Tutorial11\Tutorial11Exercise02\camera.cpp(18,22): warning C4305: '=': truncation from 'double' to 'float'
D:\GitHub\AGP\Tutorial11\Tutorial11Exercise02\camera.cpp(19,19): warning C4305: '=': truncation from 'double' to 'float'
  main.cpp
D:\GitHub\AGP\Tutorial11\Tutorial11Exercise02\main.cpp(667,89): warning C4305: 'argument': truncation from 'double' to 'float'
D:\GitHub\AGP\Tutorial11\Tutorial11Exercise02\main.cpp(715,36): warning C4305: 'argument': truncation from 'double' to 'float'
D:\GitHub\AGP\Tutorial11\Tutorial11Exercise02\main.cpp(716,37): warning C4305: 'argument': truncation from 'double' to 'float'
D:\GitHub\AGP\Tutorial11\Tutorial11Exercise02\main.cpp(720,51): warning C4305: 'argument': truncation from 'double' to 'float'
D:\GitHub\AGP\Tutorial11\Tutorial11Exercise02\main.cpp(722,51): warning C4305: 'argument': truncation from 'double' to 'float'
D:\GitHub\AGP\Tutorial11\Tutorial11Exercise02\main.cpp(727,30): warning C4305: 'argument': truncation from 'double' to 'float'
D:\GitHub\AGP\Tutorial11\Tutorial11Exercise02\main.cpp(735,30): warning C4305: 'argument': truncation from 'double' to 'float'
  model.cpp
D:\GitHub\AGP\Tutorial11\Tutorial11Exercise02\model.cpp(101,27): warning C4244: '=': conversion from 'double' to 'float', possible loss of data
D:\GitHub\AGP\Tutorial11\Tutorial11Exercise02\model.cpp(106,51): warning C4244: '+=': conversion from 'double' to 'float', possible loss of data
D:\GitHub\AGP\Tutorial11\Tutorial11Exercise02\model.cpp(107,51): warning C4244: '+=': conversion from 'double' to 'float', possible loss of data
  objfilemodel.cpp
  sprite.cpp
  text2D.cpp
  Generating Code...
D:\GitHub\AGP\Tutorial11\Tutorial11Exercise02\model.cpp(94): warning C4715: 'Model::Setup': not all control paths return a value
  DominiqueRussellTutorial11Exercise02.vcxproj -> D:\GitHub\AGP\Tutorial11\Tutorial11Exercise02\Debug\DominiqueRussellTutorial11Exercise02.exe
