D:\GitHub\AGP\Tutorial12\Tutorial12Exercise01\model_shaders.hlsl(31,25): warning X3206: 'dot': implicit truncation of vector type
D:\GitHub\AGP\Tutorial12\Tutorial12Exercise01\model_shaders.hlsl(37,23): warning X3206: 'dot': implicit truncation of vector type
  
  compilation succeeded; see D:\GitHub\AGP\Tutorial12\Tutorial12Exercise01\Debug\model_shaders.cso
D:\GitHub\AGP\Tutorial12\Tutorial12Exercise01\shaders.hlsl(34,25): warning X3206: 'dot': implicit truncation of vector type
D:\GitHub\AGP\Tutorial12\Tutorial12Exercise01\shaders.hlsl(40,23): warning X3206: 'dot': implicit truncation of vector type
  
  compilation succeeded; see D:\GitHub\AGP\Tutorial12\Tutorial12Exercise01\Debug\shaders.cso
  compilation succeeded; see D:\GitHub\AGP\Tutorial12\Tutorial12Exercise01\Debug\sprite_shaders.cso
  compilation succeeded; see D:\GitHub\AGP\Tutorial12\Tutorial12Exercise01\Debug\text2D_shaders.cso
  camera.cpp
D:\GitHub\AGP\Tutorial12\Tutorial12Exercise01\camera.cpp(18,22): warning C4305: '=': truncation from 'double' to 'float'
D:\GitHub\AGP\Tutorial12\Tutorial12Exercise01\camera.cpp(19,19): warning C4305: '=': truncation from 'double' to 'float'
  main.cpp
D:\GitHub\AGP\Tutorial12\Tutorial12Exercise01\main.cpp(667,89): warning C4305: 'argument': truncation from 'double' to 'float'
D:\GitHub\AGP\Tutorial12\Tutorial12Exercise01\main.cpp(715,36): warning C4305: 'argument': truncation from 'double' to 'float'
D:\GitHub\AGP\Tutorial12\Tutorial12Exercise01\main.cpp(716,37): warning C4305: 'argument': truncation from 'double' to 'float'
D:\GitHub\AGP\Tutorial12\Tutorial12Exercise01\main.cpp(720,51): warning C4305: 'argument': truncation from 'double' to 'float'
D:\GitHub\AGP\Tutorial12\Tutorial12Exercise01\main.cpp(722,51): warning C4305: 'argument': truncation from 'double' to 'float'
D:\GitHub\AGP\Tutorial12\Tutorial12Exercise01\main.cpp(727,30): warning C4305: 'argument': truncation from 'double' to 'float'
D:\GitHub\AGP\Tutorial12\Tutorial12Exercise01\main.cpp(735,30): warning C4305: 'argument': truncation from 'double' to 'float'
  model.cpp
D:\GitHub\AGP\Tutorial12\Tutorial12Exercise01\model.cpp(102,20): warning C4018: '<': signed/unsigned mismatch
D:\GitHub\AGP\Tutorial12\Tutorial12Exercise01\model.cpp(126,20): warning C4018: '<': signed/unsigned mismatch
D:\GitHub\AGP\Tutorial12\Tutorial12Exercise01\model.cpp(133,26): warning C4244: 'initializing': conversion from 'double' to 'float', possible loss of data
D:\GitHub\AGP\Tutorial12\Tutorial12Exercise01\model.cpp(150,27): warning C4244: '=': conversion from 'double' to 'float', possible loss of data
D:\GitHub\AGP\Tutorial12\Tutorial12Exercise01\model.cpp(155,51): warning C4244: '+=': conversion from 'double' to 'float', possible loss of data
D:\GitHub\AGP\Tutorial12\Tutorial12Exercise01\model.cpp(156,51): warning C4244: '+=': conversion from 'double' to 'float', possible loss of data
  objfilemodel.cpp
  sprite.cpp
  text2D.cpp
  Generating Code...
D:\GitHub\AGP\Tutorial12\Tutorial12Exercise01\model.cpp(94): warning C4715: 'Model::Setup': not all control paths return a value
  DominiqueRussellTutorial12Exercise01.vcxproj -> D:\GitHub\AGP\Tutorial12\Tutorial12Exercise01\Debug\DominiqueRussellTutorial12Exercise01.exe
