C:\Users\Domin\OneDrive\Documents\GitHub\AGP\Tutorial21\Tutorial21Exercise01SetUpCube\model_shaders.hlsl(31,25): warning X3206: 'dot': implicit truncation of vector type
C:\Users\Domin\OneDrive\Documents\GitHub\AGP\Tutorial21\Tutorial21Exercise01SetUpCube\model_shaders.hlsl(37,23): warning X3206: 'dot': implicit truncation of vector type
  
  compilation succeeded; see C:\Users\Domin\OneDrive\Documents\GitHub\AGP\Tutorial21\Tutorial21Exercise01SetUpCube\Debug\model_shaders.cso
C:\Users\Domin\OneDrive\Documents\GitHub\AGP\Tutorial21\Tutorial21Exercise01SetUpCube\shaders.hlsl(34,25): warning X3206: 'dot': implicit truncation of vector type
C:\Users\Domin\OneDrive\Documents\GitHub\AGP\Tutorial21\Tutorial21Exercise01SetUpCube\shaders.hlsl(40,23): warning X3206: 'dot': implicit truncation of vector type
  
  compilation succeeded; see C:\Users\Domin\OneDrive\Documents\GitHub\AGP\Tutorial21\Tutorial21Exercise01SetUpCube\Debug\shaders.cso
  compilation succeeded; see C:\Users\Domin\OneDrive\Documents\GitHub\AGP\Tutorial21\Tutorial21Exercise01SetUpCube\Debug\sprite_shaders.cso
  compilation succeeded; see C:\Users\Domin\OneDrive\Documents\GitHub\AGP\Tutorial21\Tutorial21Exercise01SetUpCube\Debug\text2D_shaders.cso
  camera.cpp
C:\Users\Domin\OneDrive\Documents\GitHub\AGP\Tutorial21\Tutorial21Exercise01SetUpCube\camera.cpp(18,22): warning C4305: '=': truncation from 'double' to 'float'
C:\Users\Domin\OneDrive\Documents\GitHub\AGP\Tutorial21\Tutorial21Exercise01SetUpCube\camera.cpp(19,19): warning C4305: '=': truncation from 'double' to 'float'
  inputhandling.cpp
  C:\Program Files (x86)\Windows Kits\10\Include\10.0.18362.0\um\dinput.h: DIRECTINPUT_VERSION undefined. Defaulting to version 0x0800
C:\Users\Domin\OneDrive\Documents\GitHub\AGP\Tutorial21\Tutorial21Exercise01SetUpCube\inputhandling.cpp(102,47): warning C4305: 'argument': truncation from 'double' to 'float'
C:\Users\Domin\OneDrive\Documents\GitHub\AGP\Tutorial21\Tutorial21Exercise01SetUpCube\inputhandling.cpp(103,48): warning C4305: 'argument': truncation from 'double' to 'float'
C:\Users\Domin\OneDrive\Documents\GitHub\AGP\Tutorial21\Tutorial21Exercise01SetUpCube\inputhandling.cpp(104,47): warning C4305: 'argument': truncation from 'double' to 'float'
C:\Users\Domin\OneDrive\Documents\GitHub\AGP\Tutorial21\Tutorial21Exercise01SetUpCube\inputhandling.cpp(105,46): warning C4305: 'argument': truncation from 'double' to 'float'
C:\Users\Domin\OneDrive\Documents\GitHub\AGP\Tutorial21\Tutorial21Exercise01SetUpCube\inputhandling.cpp(107,42): warning C4305: 'argument': truncation from 'double' to 'float'
C:\Users\Domin\OneDrive\Documents\GitHub\AGP\Tutorial21\Tutorial21Exercise01SetUpCube\inputhandling.cpp(108,43): warning C4305: 'argument': truncation from 'double' to 'float'
C:\Users\Domin\OneDrive\Documents\GitHub\AGP\Tutorial21\Tutorial21Exercise01SetUpCube\inputhandling.cpp(110,46): warning C4305: 'argument': truncation from 'double' to 'float'
C:\Users\Domin\OneDrive\Documents\GitHub\AGP\Tutorial21\Tutorial21Exercise01SetUpCube\inputhandling.cpp(111,49): warning C4305: 'argument': truncation from 'double' to 'float'
C:\Users\Domin\OneDrive\Documents\GitHub\AGP\Tutorial21\Tutorial21Exercise01SetUpCube\inputhandling.cpp(112,47): warning C4305: 'argument': truncation from 'double' to 'float'
C:\Users\Domin\OneDrive\Documents\GitHub\AGP\Tutorial21\Tutorial21Exercise01SetUpCube\inputhandling.cpp(113,46): warning C4305: 'argument': truncation from 'double' to 'float'
  main.cpp
  C:\Program Files (x86)\Windows Kits\10\Include\10.0.18362.0\um\dinput.h: DIRECTINPUT_VERSION undefined. Defaulting to version 0x0800
C:\Users\Domin\OneDrive\Documents\GitHub\AGP\Tutorial21\Tutorial21Exercise01SetUpCube\main.cpp(366,20): warning C4018: '<': signed/unsigned mismatch
C:\Users\Domin\OneDrive\Documents\GitHub\AGP\Tutorial21\Tutorial21Exercise01SetUpCube\main.cpp(426,25): warning C4305: 'argument': truncation from 'double' to 'float'
C:\Users\Domin\OneDrive\Documents\GitHub\AGP\Tutorial21\Tutorial21Exercise01SetUpCube\main.cpp(432,25): warning C4305: 'argument': truncation from 'double' to 'float'
C:\Users\Domin\OneDrive\Documents\GitHub\AGP\Tutorial21\Tutorial21Exercise01SetUpCube\main.cpp(625,20): warning C4018: '<': signed/unsigned mismatch
C:\Users\Domin\OneDrive\Documents\GitHub\AGP\Tutorial21\Tutorial21Exercise01SetUpCube\main.cpp(627,21): warning C4018: '<': signed/unsigned mismatch
C:\Users\Domin\OneDrive\Documents\GitHub\AGP\Tutorial21\Tutorial21Exercise01SetUpCube\main.cpp(667,89): warning C4305: 'argument': truncation from 'double' to 'float'
C:\Users\Domin\OneDrive\Documents\GitHub\AGP\Tutorial21\Tutorial21Exercise01SetUpCube\main.cpp(722,36): warning C4305: 'argument': truncation from 'double' to 'float'
C:\Users\Domin\OneDrive\Documents\GitHub\AGP\Tutorial21\Tutorial21Exercise01SetUpCube\main.cpp(723,37): warning C4305: 'argument': truncation from 'double' to 'float'
C:\Users\Domin\OneDrive\Documents\GitHub\AGP\Tutorial21\Tutorial21Exercise01SetUpCube\main.cpp(727,51): warning C4305: 'argument': truncation from 'double' to 'float'
C:\Users\Domin\OneDrive\Documents\GitHub\AGP\Tutorial21\Tutorial21Exercise01SetUpCube\main.cpp(729,51): warning C4305: 'argument': truncation from 'double' to 'float'
  model.cpp
C:\Users\Domin\OneDrive\Documents\GitHub\AGP\Tutorial21\Tutorial21Exercise01SetUpCube\model.cpp(104,20): warning C4018: '<': signed/unsigned mismatch
C:\Users\Domin\OneDrive\Documents\GitHub\AGP\Tutorial21\Tutorial21Exercise01SetUpCube\model.cpp(128,20): warning C4018: '<': signed/unsigned mismatch
C:\Users\Domin\OneDrive\Documents\GitHub\AGP\Tutorial21\Tutorial21Exercise01SetUpCube\model.cpp(135,26): warning C4244: 'initializing': conversion from 'double' to 'float', possible loss of data
C:\Users\Domin\OneDrive\Documents\GitHub\AGP\Tutorial21\Tutorial21Exercise01SetUpCube\model.cpp(143,33): warning C4244: '=': conversion from 'double' to 'float', possible loss of data
C:\Users\Domin\OneDrive\Documents\GitHub\AGP\Tutorial21\Tutorial21Exercise01SetUpCube\model.cpp(152,27): warning C4244: '=': conversion from 'double' to 'float', possible loss of data
C:\Users\Domin\OneDrive\Documents\GitHub\AGP\Tutorial21\Tutorial21Exercise01SetUpCube\model.cpp(156,63): warning C4244: '+=': conversion from 'double' to 'float', possible loss of data
C:\Users\Domin\OneDrive\Documents\GitHub\AGP\Tutorial21\Tutorial21Exercise01SetUpCube\model.cpp(157,63): warning C4244: '+=': conversion from 'double' to 'float', possible loss of data
C:\Users\Domin\OneDrive\Documents\GitHub\AGP\Tutorial21\Tutorial21Exercise01SetUpCube\model.cpp(185,32): warning C4244: 'initializing': conversion from 'double' to 'float', possible loss of data
  objfilemodel.cpp
  skybox.cpp
  sprite.cpp
  text2D.cpp
  Generating Code...
  DominiqueRussellTutorial21Exercise01SetUpCube.vcxproj -> C:\Users\Domin\OneDrive\Documents\GitHub\AGP\Tutorial21\Tutorial21Exercise01SetUpCube\Debug\DominiqueRussellTutorial21Exercise01SetUpCube.exe
