d:\github\agp\tutorial13\tutorial13exercise01\debug\vc142.pdb
d:\github\agp\tutorial13\tutorial13exercise01\debug\vc142.idb
d:\github\agp\tutorial13\tutorial13exercise01\debug\text2d.obj
d:\github\agp\tutorial13\tutorial13exercise01\debug\sprite.obj
d:\github\agp\tutorial13\tutorial13exercise01\debug\objfilemodel.obj
d:\github\agp\tutorial13\tutorial13exercise01\debug\model.obj
d:\github\agp\tutorial13\tutorial13exercise01\debug\camera.obj
d:\github\agp\tutorial13\tutorial13exercise01\debug\main.obj
d:\github\agp\tutorial13\tutorial13exercise01\debug\inputhandling.obj
d:\github\agp\tutorial13\tutorial13exercise01\debug\model_shaders.cso
d:\github\agp\tutorial13\tutorial13exercise01\debug\shaders.cso
d:\github\agp\tutorial13\tutorial13exercise01\debug\sprite_shaders.cso
d:\github\agp\tutorial13\tutorial13exercise01\debug\text2d_shaders.cso
d:\github\agp\tutorial13\tutorial13exercise01\debug\dominiquerusselltutorial13exercise01.pdb
d:\github\agp\tutorial13\tutorial13exercise01\debug\dominiqu.08ed3cb1.tlog\cl.command.1.tlog
d:\github\agp\tutorial13\tutorial13exercise01\debug\dominiqu.08ed3cb1.tlog\cl.read.1.tlog
d:\github\agp\tutorial13\tutorial13exercise01\debug\dominiqu.08ed3cb1.tlog\cl.write.1.tlog
d:\github\agp\tutorial13\tutorial13exercise01\debug\dominiqu.08ed3cb1.tlog\fxc.command.1.tlog
d:\github\agp\tutorial13\tutorial13exercise01\debug\dominiqu.08ed3cb1.tlog\fxc.read.1.tlog
d:\github\agp\tutorial13\tutorial13exercise01\debug\dominiqu.08ed3cb1.tlog\fxc.write.1.tlog
d:\github\agp\tutorial13\tutorial13exercise01\debug\dominiqu.08ed3cb1.tlog\link-cvtres.read.1.tlog
d:\github\agp\tutorial13\tutorial13exercise01\debug\dominiqu.08ed3cb1.tlog\link-cvtres.write.1.tlog
d:\github\agp\tutorial13\tutorial13exercise01\debug\dominiqu.08ed3cb1.tlog\link-rc.read.1.tlog
d:\github\agp\tutorial13\tutorial13exercise01\debug\dominiqu.08ed3cb1.tlog\link-rc.write.1.tlog
d:\github\agp\tutorial13\tutorial13exercise01\debug\dominiqu.08ed3cb1.tlog\link.command.1.tlog
d:\github\agp\tutorial13\tutorial13exercise01\debug\dominiqu.08ed3cb1.tlog\link.read.1.tlog
d:\github\agp\tutorial13\tutorial13exercise01\debug\dominiqu.08ed3cb1.tlog\link.write.1.tlog
